<?xml version="1.0" encoding="UTF-8"?>
<!-- Generated by org.testng.reporters.JUnitReportReporter -->
<testsuite hostname="pragnya" name="tests.NewTest" tests="1" failures="0" timestamp="10 Sep 2014 10:10:31 GMT" time="5.360" errors="0">
  <testcase name="f" time="5.360" classname="tests.NewTest"/>
</testsuite> <!-- tests.NewTest -->
